{
  "RSpec": {
    "coverage": {
      "/Users/meaghanconroy/comic-zone/app/models/user.rb": [
        1,
        1,
        1,
        null,
        1,
        1,
        null,
        1,
        1,
        1,
        1,
        null
      ],
      "/Users/meaghanconroy/comic-zone/app/models/application_record.rb": [
        1,
        1,
        null
      ],
      "/Users/meaghanconroy/comic-zone/app/helpers/application_helper.rb": [
        1,
        null
      ],
      "/Users/meaghanconroy/comic-zone/app/helpers/pages_helper.rb": [
        1,
        null
      ],
      "/Users/meaghanconroy/comic-zone/app/models/comic.rb": [
        1,
        1,
        1,
        null,
        1,
        1,
        null
      ],
      "/Users/meaghanconroy/comic-zone/app/models/subscription.rb": [
        1,
        1,
        1,
        null
      ],
      "/Users/meaghanconroy/comic-zone/app/controllers/pages_controller.rb": [
        1,
        1,
        null,
        null
      ],
      "/Users/meaghanconroy/comic-zone/app/controllers/application_controller.rb": [
        1,
        1,
        1,
        1,
        null,
        1,
        null,
        1,
        46,
        46,
        null,
        null
      ],
      "/Users/meaghanconroy/comic-zone/app/controllers/comics_controller.rb": [
        1,
        1,
        7,
        2,
        2,
        null,
        5,
        5,
        5,
        null,
        null,
        null,
        1,
        4,
        4,
        4,
        null,
        null
      ],
      "/Users/meaghanconroy/comic-zone/app/controllers/subscriptions_controller.rb": [
        1,
        1,
        0,
        0,
        null,
        1,
        null,
        1,
        1,
        1,
        null,
        1,
        null,
        1,
        1,
        1,
        1,
        1,
        1,
        null,
        1,
        1,
        0,
        null,
        null,
        null
      ],
      "/Users/meaghanconroy/comic-zone/app/controllers/users_controller.rb": [
        1,
        1,
        6,
        null,
        null
      ],
      "/Users/meaghanconroy/comic-zone/app/mailers/application_mailer.rb": [
        0,
        0,
        0,
        0
      ]
    },
    "timestamp": 1498682911
  }
}
